week 1-Jetpack Compose basics/JetpackComposebasics/app/build/intermediates/manifest_merge_blame_file/debug/manifest-merger-blame-debug-report.txt
1<?xml version="1.0" encoding="utf-8"?>
2<manifest xmlns:android="http://schemas.android.com/apk/res/android"
3    package="com.example.jetpackcomposebasics"
4    android:versionCode="1"
5    android:versionName="1.0" >
6
7    <uses-sdk
8        android:minSdkVersion="21"
8-->src/main/AndroidManifest.xml
9        android:targetSdkVersion="31" />
9-->src/main/AndroidManifest.xml
10
11    <application
11-->src/main/AndroidManifest.xml:5:5-28:19
12        android:allowBackup="true"
12-->src/main/AndroidManifest.xml:6:9-35
13        android:appComponentFactory="androidx.core.app.CoreComponentFactory"
13-->[androidx.core:core:1.7.0] AndroidManifest.xml:24:18-86
14        android:debuggable="true"
15        android:icon="@mipmap/ic_launcher"
15-->src/main/AndroidManifest.xml:7:9-43
16        android:label="@string/app_name"
16-->src/main/AndroidManifest.xml:8:9-41
17        android:roundIcon="@mipmap/ic_launcher_round"
17-->src/main/AndroidManifest.xml:9:9-54
18        android:supportsRtl="true"
18-->src/main/AndroidManifest.xml:10:9-35
19        android:theme="@style/Theme.JetpackComposeBasics" >
19-->src/main/AndroidManifest.xml:11:9-58
20        <activity
20-->src/main/AndroidManifest.xml:12:9-16:77
21            android:name="com.example.jetpackcomposebasics.SecondActivity"
21-->src/main/AndroidManifest.xml:13:13-43
22            android:exported="true"
22-->src/main/AndroidManifest.xml:14:13-36
23            android:label="@string/title_activity_second"
23-->src/main/AndroidManifest.xml:15:13-58
24            android:theme="@style/Theme.JetpackComposeBasics.NoActionBar" />
24-->src/main/AndroidManifest.xml:16:13-74
25        <activity
25-->src/main/AndroidManifest.xml:17:9-27:20
26            android:name="com.example.jetpackcomposebasics.MainActivity"
26-->src/main/AndroidManifest.xml:18:13-41
27            android:exported="true"
27-->src/main/AndroidManifest.xml:19:13-36
28            android:label="@string/app_name"
28-->src/main/AndroidManifest.xml:20:13-45
29            android:theme="@style/Theme.JetpackComposeBasics.NoActionBar" >
29-->src/main/AndroidManifest.xml:21:13-74
30            <intent-filter>
30-->src/main/AndroidManifest.xml:22:13-26:29
31                <action android:name="android.intent.action.MAIN" />
31-->src/main/AndroidManifest.xml:23:17-69
31-->src/main/AndroidManifest.xml:23:25-66
32
33                <category android:name="android.intent.category.LAUNCHER" />
33-->src/main/AndroidManifest.xml:25:17-77
33-->src/main/AndroidManifest.xml:25:27-74
34            </intent-filter>
35        </activity>
36        <activity
36-->[androidx.compose.ui:ui-tooling:1.0.1] AndroidManifest.xml:25:9-27:39
37            android:name="androidx.compose.ui.tooling.PreviewActivity"
37-->[androidx.compose.ui:ui-tooling:1.0.1] AndroidManifest.xml:26:13-71
38            android:exported="true" />
38-->[androidx.compose.ui:ui-tooling:1.0.1] AndroidManifest.xml:27:13-36
39
40        <provider
40-->[androidx.emoji2:emoji2:1.0.0] AndroidManifest.xml:26:9-34:20
41            android:name="androidx.startup.InitializationProvider"
41-->[androidx.emoji2:emoji2:1.0.0] AndroidManifest.xml:27:13-67
42            android:authorities="com.example.jetpackcomposebasics.androidx-startup"
42-->[androidx.emoji2:emoji2:1.0.0] AndroidManifest.xml:28:13-68
43            android:exported="false" >
43-->[androidx.emoji2:emoji2:1.0.0] AndroidManifest.xml:29:13-37
44            <meta-data
44-->[androidx.emoji2:emoji2:1.0.0] AndroidManifest.xml:31:13-33:52
45                android:name="androidx.emoji2.text.EmojiCompatInitializer"
45-->[androidx.emoji2:emoji2:1.0.0] AndroidManifest.xml:32:17-75
46                android:value="androidx.startup" />
46-->[androidx.emoji2:emoji2:1.0.0] AndroidManifest.xml:33:17-49
47            <meta-data
47-->[androidx.profileinstaller:profileinstaller:1.0.1] AndroidManifest.xml:31:13-33:52
48                android:name="androidx.profileinstaller.ProfileInstallerInitializer"
48-->[androidx.profileinstaller:profileinstaller:1.0.1] AndroidManifest.xml:32:17-85
49                android:value="androidx.startup" />
49-->[androidx.profileinstaller:profileinstaller:1.0.1] AndroidManifest.xml:33:17-49
50            <meta-data
50-->[androidx.lifecycle:lifecycle-process:2.4.0] AndroidManifest.xml:31:13-33:52
51                android:name="androidx.lifecycle.ProcessLifecycleInitializer"
51-->[androidx.lifecycle:lifecycle-process:2.4.0] AndroidManifest.xml:32:17-78
52                android:value="androidx.startup" />
52-->[androidx.lifecycle:lifecycle-process:2.4.0] AndroidManifest.xml:33:17-49
53        </provider>
54
55        <receiver
55-->[androidx.profileinstaller:profileinstaller:1.0.1] AndroidManifest.xml:36:9-45:20
56            android:name="androidx.profileinstaller.ProfileInstallReceiver"
56-->[androidx.profileinstaller:profileinstaller:1.0.1] AndroidManifest.xml:37:13-76
57            android:directBootAware="false"
57-->[androidx.profileinstaller:profileinstaller:1.0.1] AndroidManifest.xml:38:13-44
58            android:enabled="true"
58-->[androidx.profileinstaller:profileinstaller:1.0.1] AndroidManifest.xml:39:13-35
59            android:exported="true"
59-->[androidx.profileinstaller:profileinstaller:1.0.1] AndroidManifest.xml:40:13-36
60            android:permission="android.permission.DUMP" >
60-->[androidx.profileinstaller:profileinstaller:1.0.1] AndroidManifest.xml:41:13-57
61            <intent-filter>
61-->[androidx.profileinstaller:profileinstaller:1.0.1] AndroidManifest.xml:42:13-44:29
62                <action android:name="androidx.profileinstaller.action.INSTALL_PROFILE" />
62-->[androidx.profileinstaller:profileinstaller:1.0.1] AndroidManifest.xml:43:17-91
62-->[androidx.profileinstaller:profileinstaller:1.0.1] AndroidManifest.xml:43:25-88
63            </intent-filter>
64        </receiver>
65    </application>
66
67</manifest>